# 
# Steps log generated by v++
# This log file contains a collection of steps that describe the kernel compilation flow
# Note: Some steps are tagged as internal, these steps are for debugging purposes and 
#       are not expected to be able to run independently.
# 

# The following environment variables are set when running vitis-run
Environment variables :
------------------------------------------
SHELL=/bin/bash
SESSION_MANAGER=local/AEB230-001:@/tmp/.ICE-unix/1722,unix/AEB230-001:/tmp/.ICE-unix/1722
QT_ACCESSIBILITY=1
XDG_CONFIG_DIRS=/etc/xdg/xdg-ubuntu:/etc/xdg
SSH_AGENT_LAUNCHER=gnome-keyring
XDG_SESSION_PATH=/org/freedesktop/DisplayManager/Session0
XDG_MENU_PREFIX=gnome-
GTK_IM_MODULE=ibus
RDI_APPROOT=/home/embs/Xilinx/2025.1/Vitis
RDI_JAVA_PLATFORM=
TK_LIBRARY=/home/embs/Xilinx/2025.1/Vitis/tps/tk/tk8.5
LANGUAGE=en_US:en
FREETYPE_PROPERTIES=truetype:interpreter-version=35
XIL_SUPPRESS_OVERRIDE_WARNINGS=1
RDI_BINROOT=/home/embs/Xilinx/2025.1/Vitis/bin
XILINX_VIVADO=/home/embs/Xilinx/2025.1/Vivado
JAVA_HOME=/home/embs/Xilinx/2025.1/Vitis/tps/lnx64/jre11.0.16_1/
GNOME_SHELL_SESSION_MODE=ubuntu
SSH_AUTH_SOCK=/run/user/1000/keyring/ssh
RDI_INSTALLVERSION=2025.1
RDI_OPT_EXT=.o
RDI_INSTALLVER=Vitis
RDI_INSTALLROOT=/home/embs/Xilinx
THEIA_DEFAULT_PLUGINS=local-dir:/home/embs/Xilinx/2025.1/Vitis/ide/electron-app/lnx64/resources/app/plugins
RDI_PATCHROOT=
XMODIFIERS=@im=ibus
DESKTOP_SESSION=ubuntu
XILINX_VITIS_AIETOOLS=/home/embs/Xilinx/2025.1/Vitis/aietools
GTK_MODULES=gail:atk-bridge
XIL_NO_OVERRIDE=0
RDI_LIBDIR=/home/embs/Xilinx/2025.1/Vitis/lib/lnx64.o/Ubuntu/22:/home/embs/Xilinx/2025.1/Vitis/lib/lnx64.o/Ubuntu:/home/embs/Xilinx/2025.1/Vitis/lib/lnx64.o
PWD=/home/embs/Xilinx/workDCT/ffnn
LOGNAME=embs
XDG_SESSION_DESKTOP=ubuntu
THEIA_ELECTRON_VERSION=30.1.2
XDG_SESSION_TYPE=x11
_RDI_DONT_SET_XILINX_AS_PATH=True
GPG_AGENT_INFO=/run/user/1000/gnupg/S.gpg-agent:0:1
SYSTEMD_EXEC_PID=1750
VALIDATE_ARGS=False
XAUTHORITY=/home/embs/.Xauthority
RDI_PREPEND_PATH=/home/embs/Xilinx/2025.1/Vitis/bin
XDG_GREETER_DATA_DIR=/var/lib/lightdm-data/embs
XILINX_DSP=
GJS_DEBUG_TOPICS=JS ERROR;JS LOG
THEIA_PLUGINS=local-dir:/home/embs/.theia/plugins
GDM_LANG=en_US
HOME=/home/embs
SYNTH_COMMON=/home/embs/Xilinx/2025.1/Vitis/scripts/rt/data
LANG=en_US.UTF-8
XDG_CURRENT_DESKTOP=Unity
XILINX_HLS=/home/embs/Xilinx/2025.1/Vitis
XDG_SEAT_PATH=/org/freedesktop/DisplayManager/Seat0
RDI_BUILD=yes
RDI_PROG=/home/embs/Xilinx/2025.1/Vitis/bin/unwrapped/lnx64.o/vitis-run
INVOCATION_ID=21d40784efc14b408b8f868d9083bf82
MANAGERPID=881
RDI_SESSION_INFO=/home/embs:AEB230-001_1764114494_3776
CHROME_DESKTOP=Vitis Unified IDE.desktop
RT_TCL_PATH=/home/embs/Xilinx/2025.1/Vitis/scripts/rt/base_tcl/tcl
GJS_DEBUG_OUTPUT=stderr
XILINX_SDK=/home/embs/Xilinx/2025.1/Vitis
RDI_SHARED_DATA=/home/embs/Xilinx/SharedData/Vitis/data
VSCODE_API_VERSION=1.95.3
XDG_SESSION_CLASS=user
PYTHONPATH=/home/embs/Xilinx/2025.1/Vitis/cli/:/home/embs/Xilinx/2025.1/Vitis/cli/python-packages/site-packages:/home/embs/Xilinx/2025.1/Vitis/cli/proto:/home/embs/Xilinx/2025.1/Vitis/tps/lnx64/python-3.13.0/lib/python3.13/lib-dynload/:/home/embs/Xilinx/2025.1/Vitis/tps/lnx64/python-3.13.0/lib/python3.13/:/home/embs/Xilinx/2025.1/Vitis/scripts/python_pkg:/home/embs/Xilinx/2025.1/Vitis/cli/:/home/embs/Xilinx/2025.1/Vitis/cli/python-packages/site-packages:/home/embs/Xilinx/2025.1/Vitis/cli/python-packages/lnx64:/home/embs/Xilinx/2025.1/Vitis/cli/proto:/home/embs/Xilinx/2025.1/Vivado/tps/lnx64/python-3.13.0/lib/python3.13/lib-dynload/:/home/embs/Xilinx/2025.1/Vivado/tps/lnx64/python-3.13.0/lib/python3.13
PYTHONHOME=/home/embs/Xilinx/2025.1/Vitis/tps/lnx64/python-3.13.0/
USER=embs
THEIA_CONFIG_DIR=/home/embs/.theia
LIBRARY_PATH=/usr/lib/x86_64-linux-gnu:/usr/lib/x86_64-linux-gnu
XILINX_PLANAHEAD=/home/embs/Xilinx/2025.1/Vitis
PATCH_INFO=
RDI_BASEROOT=/home/embs/Xilinx/2025.1
LOPPER_DTC_FLAGS=-b 0 -@
RDI_TPS_ROOT=/home/embs/Xilinx/2025.1/Vivado/tps/lnx64
RDI_JAVA_VERSION=11.0.16_1
IDE_SKIP_SERVER_LICENSE=1
RDI_DATADIR=/home/embs/Xilinx/2025.1/Vitis/data
THEIA_ELECTRON_TOKEN={"value":"5178a1a8-a345-4835-910c-ee390756d3f6"}
DISPLAY=:0
SHLVL=3
RDI_USE_JDK11=1
QT_IM_MODULE=ibus
XIL_CHECK_TCL_DEBUG=False
SYSTEMPLATFORM=Ubuntu
LD_LIBRARY_PATH=/home/embs/Xilinx/2025.1/Vitis/tps/lnx64/java-cef-95.0.4638.69/bin/lib/linux64:/home/embs/Xilinx/2025.1/Vitis/tps/lnx64/javafx-sdk-11.0.2/lib:/home/embs/Xilinx/2025.1/Vitis/lib/lnx64.o/Ubuntu/22:/home/embs/Xilinx/2025.1/Vitis/lib/lnx64.o/Ubuntu:/home/embs/Xilinx/2025.1/Vitis/lib/lnx64.o:/home/embs/Xilinx/2025.1/Vitis/tps/lnx64/jre11.0.16_1/lib/:/home/embs/Xilinx/2025.1/Vitis/tps/lnx64/jre11.0.16_1/lib//server:/home/embs/Xilinx/2025.1/Vitis/lib/lnx64.o/Ubuntu/22:/home/embs/Xilinx/2025.1/Vitis/lib/lnx64.o/Ubuntu:/home/embs/Xilinx/2025.1/Vitis/lib/lnx64.o:/home/embs/Xilinx/2025.1/Vitis/tps/lnx64/cmake-3.24.2/libs/Ubuntu/22:/home/embs/Xilinx/2025.1/Vitis/tps/lnx64/cmake-3.24.2/libs/Ubuntu:/home/embs/Xilinx/2025.1/Vitis/tps/lnx64/cmake-3.24.2/libs:/home/embs/Xilinx/2025.1/Vitis/lib/lnx64.o/Ubuntu/22:/home/embs/Xilinx/2025.1/Vitis/lib/lnx64.o/Ubuntu:/home/embs/Xilinx/2025.1/Vitis/lib/lnx64.o:/home/embs/Xilinx/2025.1/Vitis/tps/lnx64/python-3.13.0/lib:/home/embs/Xilinx/2025.1/Vivado/tps/lnx64/cmake-3.24.2/libs/Ubuntu/22:/home/embs/Xilinx/2025.1/Vivado/tps/lnx64/cmake-3.24.2/libs/Ubuntu:/home/embs/Xilinx/2025.1/Vivado/tps/lnx64/cmake-3.24.2/libs:/home/embs/Xilinx/2025.1/Vitis/lib/lnx64.o:/home/embs/Xilinx/2025.1/Vitis/lib/lnx64.o/Ubuntu/22:/home/embs/Xilinx/2025.1/Vitis/lib/lnx64.o/Ubuntu:/home/embs/Xilinx/2025.1/Vitis/lib/lnx64.o:/home/embs/Xilinx/2025.1/Vivado/tps/lnx64/python-3.13.0/lib:/home/embs/Xilinx/2025.1/Vitis/aietools/lib/lnx64.o
HDIPRELDPATH=/home/embs/Xilinx/2025.1/Vitis/lib/lnx64.o/Ubuntu/22:/home/embs/Xilinx/2025.1/Vitis/lib/lnx64.o/Ubuntu:/home/embs/Xilinx/2025.1/Vitis/lib/lnx64.o:/home/embs/Xilinx/2025.1/Vitis/tps/lnx64/cmake-3.24.2/libs/Ubuntu/22:/home/embs/Xilinx/2025.1/Vitis/tps/lnx64/cmake-3.24.2/libs/Ubuntu:/home/embs/Xilinx/2025.1/Vitis/tps/lnx64/cmake-3.24.2/libs:/home/embs/Xilinx/2025.1/Vitis/lib/lnx64.o/Ubuntu/22:/home/embs/Xilinx/2025.1/Vitis/lib/lnx64.o/Ubuntu:/home/embs/Xilinx/2025.1/Vitis/lib/lnx64.o:/home/embs/Xilinx/2025.1/Vitis/tps/lnx64/python-3.13.0/lib:/home/embs/Xilinx/2025.1/Vivado/tps/lnx64/cmake-3.24.2/libs/Ubuntu/22:/home/embs/Xilinx/2025.1/Vivado/tps/lnx64/cmake-3.24.2/libs/Ubuntu:/home/embs/Xilinx/2025.1/Vivado/tps/lnx64/cmake-3.24.2/libs:/home/embs/Xilinx/2025.1/Vitis/lib/lnx64.o:/home/embs/Xilinx/2025.1/Vitis/lib/lnx64.o/Ubuntu/22:/home/embs/Xilinx/2025.1/Vitis/lib/lnx64.o/Ubuntu:/home/embs/Xilinx/2025.1/Vitis/lib/lnx64.o:/home/embs/Xilinx/2025.1/Vivado/tps/lnx64/python-3.13.0/lib:/home/embs/Xilinx/2025.1/Vitis/aietools/lib/lnx64.o
XDG_RUNTIME_DIR=/run/user/1000
TCMALLOC_LARGE_ALLOC_REPORT_THRESHOLD=4294967296
TCL_LIBRARY=/home/embs/Xilinx/2025.1/Vitis/tps/tcl/tcl8.6
LC_ALL=en_US.UTF-8
JOURNAL_STREAM=8:10836
XILINX_VITIS_GIT=/home/embs/Xilinx/2025.1/Vivado/tps/lnx64/git-2.46.0/bin
XDG_DATA_DIRS=/usr/share/ubuntu:/usr/share/gnome:/usr/local/share:/usr/share:/var/lib/snapd/desktop
PATH=/home/embs/Xilinx/2025.1/Vivado/tps/lnx64/binutils-2.26/bin:/home/embs/Xilinx/2025.1/Vitis/bin/../gnu/aarch64/lin/aarch64-linux/bin:/home/embs/Xilinx/2025.1/Vitis/bin/../gnu/ppc64le/4.9.3/lnx64/bin:/home/embs/Xilinx/2025.1/Vitis/bin/../gnu/aarch32/lin/gcc-arm-linux-gnueabi/bin:/home/embs/Xilinx/2025.1/Vivado/tps/lnx64/gcc-8.3.0/bin:/home/embs/Xilinx/2025.1/Vivado/gnu/microblaze/lin/bin:/home/embs/Xilinx/2025.1/Vitis/bin:/home/embs/Xilinx/2025.1/Vitis/tps/lnx64/jre11.0.16_1/bin:/home/embs/Xilinx/2025.1/Vitis/gnu/microblaze/lin/bin:/home/embs/Xilinx/2025.1/Vitis/gnu/arm/lin/bin:/home/embs/Xilinx/2025.1/Vitis/gnu/microblaze/linux_toolchain/nt64_be/bin:/home/embs/Xilinx/2025.1/Vitis/gnu/microblaze/linux_toolchain/nt64_le/bin:/home/embs/Xilinx/2025.1/Vitis/gnu/aarch32/lin/gcc-arm-linux-gnueabi/bin:/home/embs/Xilinx/2025.1/Vitis/gnu/aarch32/lin/gcc-arm-none-eabi/bin:/home/embs/Xilinx/2025.1/Vitis/gnu/aarch64/lin/aarch64-linux/bin:/home/embs/Xilinx/2025.1/Vitis/gnu/aarch64/lin/aarch64-none/bin:/home/embs/Xilinx/2025.1/Vitis/gnu/armr5/lin/gcc-arm-none-eabi/bin:/home/embs/Xilinx/2025.1/Vitis/tps/lnx64/cmake-3.24.2/bin:/home/embs/Xilinx/2025.1/Vitis/lnx64/tools/clang/bin:/home/embs/Xilinx/2025.1/Vitis/tps/lnx64/python-3.13.0//bin:/home/embs/Xilinx/2025.1/Vitis/tps/lnx64/jre11.0.16_1//bin:/home/embs/Xilinx/2025.1/Vitis/aietools/bin:/bin:/home/embs/Xilinx/2025.1/Vivado/bin:/home/embs/Xilinx/2025.1/Vivado/tps/lnx64/git-2.46.0/bin:/home/embs/Xilinx/2025.1/Vitis/lnx64/tools/vcxx/libexec:/home/embs/Xilinx/2025.1/Vivado/tps/lnx64/cmake-3.24.2/bin:/home/embs/Xilinx/2025.1/Vivado/tps/lnx64/jre11.0.16_1/bin:/home/embs/Xilinx/2025.1/Vivado/tps/lnx64/python-3.13.0/bin:/home/embs/Xilinx/2025.1/Vitis/gnu/riscv/lin/riscv64-unknown-elf/bin:/usr/local/sbin:/usr/local/bin:/usr/sbin:/usr/bin:/sbin:/usr/games:/usr/local/games:/snap/bin
RT_LIBPATH=/home/embs/Xilinx/2025.1/Vitis/scripts/rt/data
GDMSESSION=ubuntu
ORIGINAL_XDG_CURRENT_DESKTOP=ubuntu:GNOME
HDI_APPROOT=/home/embs/Xilinx/2025.1/Vitis
DBUS_SESSION_BUS_ADDRESS=unix:path=/run/user/1000/bus
RDI_PLATFORM=lnx64
THEIA_APP_PROJECT_PATH=/home/embs/Xilinx/2025.1/Vitis/ide/electron-app/lnx64/resources/app
MYVIVADO=
BUILDINFO=SW Build 6137779 on 2025-05-21-18:10:04
ISL_IOSTREAMS_RSA=/home/embs/Xilinx/2025.1/Vitis/tps/isl
GIO_LAUNCHED_DESKTOP_FILE_PID=3776
GIO_LAUNCHED_DESKTOP_FILE=/home/embs/Desktop/Vitis 2025.1.desktop
LC_NUMERIC=C
XILINX_VITIS=/home/embs/Xilinx/2025.1/Vitis
OLDPWD=/home/embs/Xilinx/2025.1/Vitis/bin
XILINX_VCXX=/home/embs/Xilinx/2025.1/Vitis/lnx64/tools/vcxx
_=/home/embs/Xilinx/2025.1/Vitis/bin/unwrapped/lnx64.o/vitis-run
XILINX_CD_CONNECT_ID=36609
XILINX_CD_SESSION=b12cccc8-e823-4725-934b-d122e53f6a19


VITIS-RUN command line:
------------------------------------------
/home/embs/Xilinx/2025.1/Vitis/bin/unwrapped/lnx64.o/vitis-run --mode hls --csim --config /home/embs/Xilinx/workDCT/ffnn/ffnn.cfg --work_dir ffnn 

FINAL PROGRAM OPTIONS
--config /home/embs/Xilinx/workDCT/ffnn/ffnn.cfg
--csim
--hls.clock 10ns
--hls.clock_uncertainty 0.5ns
--hls.flow_target vivado
--hls.package.output.format ip_catalog
--hls.package.output.syn false
--hls.sim.O 1
--hls.syn.file ffnn.cpp
--hls.syn.file ffnn.h
--hls.tb.file ffnn_tb.cpp
--mode hls
--part xc7z020clg400-1
--work_dir ffnn

PARSED COMMAND LINE OPTIONS
--mode hls 
--csim 
--config /home/embs/Xilinx/workDCT/ffnn/ffnn.cfg 
--work_dir ffnn 

PARSED CONFIG FILE (1) OPTIONS
file: /home/embs/Xilinx/workDCT/ffnn/ffnn.cfg
part xc7z020clg400-1 
hls.flow_target vivado 
hls.package.output.format ip_catalog 
hls.package.output.syn false 
hls.clock 10ns 
hls.clock_uncertainty 0.5ns 
hls.sim.O 1 
hls.syn.file ffnn.cpp 
hls.syn.file ffnn.h 
hls.tb.file ffnn_tb.cpp 


==========================================
new:  steps log generated by v++ for new launch 
timestamp: 25 Nov 2025 17:04:41

------------------------------------------
VITIS-RUN command line :
------------------------------------------
/home/embs/Xilinx/2025.1/Vitis/bin/unwrapped/lnx64.o/vitis-run --mode hls --csim --config /home/embs/Xilinx/workDCT/ffnn/ffnn.cfg --work_dir ffnn 
  Options from -O    : 
  Options from *.ini : 
  Options from Hw Platform : 

==========================================
new:  steps log generated by v++ for new launch 
timestamp: 25 Nov 2025 17:10:10

------------------------------------------
VITIS-RUN command line :
------------------------------------------
/home/embs/Xilinx/2025.1/Vitis/bin/unwrapped/lnx64.o/vitis-run --mode hls --csim --config /home/embs/Xilinx/workDCT/ffnn/ffnn.cfg --work_dir ffnn 
  Options from -O    : 
  Options from *.ini : 
  Options from Hw Platform : 

==========================================
new:  steps log generated by v++ for new launch 
timestamp: 25 Nov 2025 17:10:53

------------------------------------------
VITIS-RUN command line :
------------------------------------------
/home/embs/Xilinx/2025.1/Vitis/bin/unwrapped/lnx64.o/vitis-run --mode hls --csim --config /home/embs/Xilinx/workDCT/ffnn/ffnn.cfg --work_dir ffnn 
  Options from -O    : 
  Options from *.ini : 
  Options from Hw Platform : 

==========================================
new:  steps log generated by v++ for new launch 
timestamp: 04 Dec 2025 10:55:23

------------------------------------------
VITIS-RUN command line :
------------------------------------------
/home/embs/Xilinx/2025.1/Vitis/bin/unwrapped/lnx64.o/vitis-run --mode hls --csim --config /home/embs/Xilinx/workDCT/ffnn/ffnn.cfg --work_dir ffnn 
  Options from -O    : 
  Options from *.ini : 
  Options from Hw Platform : 

==========================================
new:  steps log generated by v++ for new launch 
timestamp: 04 Dec 2025 11:13:28

------------------------------------------
VITIS-RUN command line :
------------------------------------------
/home/embs/Xilinx/2025.1/Vitis/bin/unwrapped/lnx64.o/vitis-run --mode hls --csim --config /home/embs/Xilinx/workDCT/ffnn/ffnn.cfg --work_dir ffnn 
  Options from -O    : 
  Options from *.ini : 
  Options from Hw Platform : 

==========================================
new:  steps log generated by v++ for new launch 
timestamp: 04 Dec 2025 11:37:32

------------------------------------------
VITIS-RUN command line :
------------------------------------------
/home/embs/Xilinx/2025.1/Vitis/bin/unwrapped/lnx64.o/vitis-run --mode hls --csim --config /home/embs/Xilinx/workDCT/ffnn/ffnn.cfg --work_dir ffnn 
  Options from -O    : 
  Options from *.ini : 
  Options from Hw Platform : 

==========================================
new:  steps log generated by v++ for new launch 
timestamp: 04 Dec 2025 11:46:11

------------------------------------------
VITIS-RUN command line :
------------------------------------------
/home/embs/Xilinx/2025.1/Vitis/bin/unwrapped/lnx64.o/vitis-run --mode hls --csim --config /home/embs/Xilinx/workDCT/ffnn/ffnn.cfg --work_dir ffnn 
  Options from -O    : 
  Options from *.ini : 
  Options from Hw Platform : 

==========================================
new:  steps log generated by v++ for new launch 
timestamp: 04 Dec 2025 11:53:14

------------------------------------------
VITIS-RUN command line :
------------------------------------------
/home/embs/Xilinx/2025.1/Vitis/bin/unwrapped/lnx64.o/vitis-run --mode hls --csim --config /home/embs/Xilinx/workDCT/ffnn/ffnn.cfg --work_dir ffnn 
  Options from -O    : 
  Options from *.ini : 
  Options from Hw Platform : 

==========================================
new:  steps log generated by v++ for new launch 
timestamp: 04 Dec 2025 12:04:11

------------------------------------------
VITIS-RUN command line :
------------------------------------------
/home/embs/Xilinx/2025.1/Vitis/bin/unwrapped/lnx64.o/vitis-run --mode hls --csim --config /home/embs/Xilinx/workDCT/ffnn/ffnn.cfg --work_dir ffnn 
  Options from -O    : 
  Options from *.ini : 
  Options from Hw Platform : 

==========================================
new:  steps log generated by v++ for new launch 
timestamp: 04 Dec 2025 12:11:25

------------------------------------------
VITIS-RUN command line :
------------------------------------------
/home/embs/Xilinx/2025.1/Vitis/bin/unwrapped/lnx64.o/vitis-run --mode hls --csim --config /home/embs/Xilinx/workDCT/ffnn/ffnn.cfg --work_dir ffnn 
  Options from -O    : 
  Options from *.ini : 
  Options from Hw Platform : 

==========================================
new:  steps log generated by v++ for new launch 
timestamp: 04 Dec 2025 12:13:02

------------------------------------------
VITIS-RUN command line :
------------------------------------------
/home/embs/Xilinx/2025.1/Vitis/bin/unwrapped/lnx64.o/vitis-run --mode hls --csim --config /home/embs/Xilinx/workDCT/ffnn/ffnn.cfg --work_dir ffnn 
  Options from -O    : 
  Options from *.ini : 
  Options from Hw Platform : 

==========================================
new:  steps log generated by v++ for new launch 
timestamp: 04 Dec 2025 16:29:53
